\BOOKMARK [1][-]{section.1}{Introduction}{}% 1
\BOOKMARK [2][-]{subsection.1.1}{Problem\040Background}{section.1}% 2
\BOOKMARK [2][-]{subsection.1.2}{Our\040Work}{section.1}% 3
\BOOKMARK [1][-]{section.2}{Assumptions\040and\040Justifications}{}% 4
\BOOKMARK [1][-]{section.3}{Notations\040and\040Definitions}{}% 5
\BOOKMARK [1][-]{section.4}{Model\040Analysis}{}% 6
\BOOKMARK [2][-]{subsection.4.1}{Sea\040Surface\040Temperature\040Forecasting\040Model}{section.4}% 7
\BOOKMARK [3][-]{subsubsection.4.1.1}{SST\040Based\040on\040Gray\040Forecasting}{subsection.4.1}% 8
\BOOKMARK [3][-]{subsubsection.4.1.2}{Influence\040of\040Global\040Warming}{subsection.4.1}% 9
\BOOKMARK [2][-]{subsection.4.2}{FISH:\040Fish\040Immigration\040Simulation\040Heuristic\040Model}{section.4}% 10
\BOOKMARK [3][-]{subsubsection.4.2.1}{Simplification\040and\040Justification}{subsection.4.2}% 11
\BOOKMARK [3][-]{subsubsection.4.2.2}{FISH\040Model\040and\040Results}{subsection.4.2}% 12
\BOOKMARK [2][-]{subsection.4.3}{Analysis\040for\040Small\040Fishing\040Companies}{section.4}% 13
\BOOKMARK [1][-]{section.5}{title}{}% 14
\BOOKMARK [2][-]{subsection.5.1}{Background\040Illustration}{section.5}% 15
\BOOKMARK [2][-]{subsection.5.2}{subsection1}{section.5}% 16
\BOOKMARK [2][-]{subsection.5.3}{subsection2}{section.5}% 17
\BOOKMARK [1][-]{section.6}{S6}{}% 18
\BOOKMARK [2][-]{subsection.6.1}{Simulation\040Results}{section.6}% 19
\BOOKMARK [1][-]{section.7}{Model\040Analysis}{}% 20
\BOOKMARK [2][-]{subsection.7.1}{Sensitivity\040Analysis}{section.7}% 21
\BOOKMARK [2][-]{subsection.7.2}{Strengths\040and\040Weaknesses}{section.7}% 22
\BOOKMARK [3][-]{subsubsection.7.2.1}{Strengths}{subsection.7.2}% 23
\BOOKMARK [3][-]{subsubsection.7.2.2}{Weaknesses}{subsection.7.2}% 24
\BOOKMARK [1][-]{section.8}{Conclusion}{}% 25
\BOOKMARK [1][-]{section*.8}{Appendices}{}% 26
\BOOKMARK [1][-]{Appendix.a.A}{Appendix\040Solve\040and\040Plot\040Ordinary\040Differential\040Equation\040Systems}{}% 27
